mode: set
github.com/parvineyvazov/book-api/service/book.go:7.51,11.16 2 1
github.com/parvineyvazov/book-api/service/book.go:15.2,15.19 1 1
github.com/parvineyvazov/book-api/service/book.go:11.16,13.3 1 1
github.com/parvineyvazov/book-api/service/book.go:18.58,22.16 2 1
github.com/parvineyvazov/book-api/service/book.go:26.2,26.18 1 1
github.com/parvineyvazov/book-api/service/book.go:22.16,24.3 1 1
github.com/parvineyvazov/book-api/service/book.go:29.72,33.16 2 1
github.com/parvineyvazov/book-api/service/book.go:37.2,37.19 1 1
github.com/parvineyvazov/book-api/service/book.go:33.16,35.3 1 1
github.com/parvineyvazov/book-api/service/book.go:40.67,44.16 2 1
github.com/parvineyvazov/book-api/service/book.go:48.2,48.26 1 1
github.com/parvineyvazov/book-api/service/book.go:44.16,46.3 1 1
github.com/parvineyvazov/book-api/service/book.go:51.78,55.16 2 1
github.com/parvineyvazov/book-api/service/book.go:59.2,59.26 1 1
github.com/parvineyvazov/book-api/service/book.go:55.16,57.3 1 1
github.com/parvineyvazov/book-api/service/book.go:62.61,65.16 2 1
github.com/parvineyvazov/book-api/service/book.go:69.2,69.18 1 1
github.com/parvineyvazov/book-api/service/book.go:65.16,67.3 1 1
github.com/parvineyvazov/book-api/service/service.go:30.61,32.2 1 1
github.com/parvineyvazov/book-api/service/author.go:7.55,11.16 2 1
github.com/parvineyvazov/book-api/service/author.go:15.2,15.21 1 1
github.com/parvineyvazov/book-api/service/author.go:11.16,13.3 1 1
github.com/parvineyvazov/book-api/service/author.go:18.62,22.16 2 1
github.com/parvineyvazov/book-api/service/author.go:26.2,26.20 1 1
github.com/parvineyvazov/book-api/service/author.go:22.16,24.3 1 1
github.com/parvineyvazov/book-api/service/author.go:29.76,33.16 2 1
github.com/parvineyvazov/book-api/service/author.go:37.2,37.21 1 1
github.com/parvineyvazov/book-api/service/author.go:33.16,35.3 1 1
github.com/parvineyvazov/book-api/service/author.go:40.75,44.16 2 1
github.com/parvineyvazov/book-api/service/author.go:48.2,48.28 1 1
github.com/parvineyvazov/book-api/service/author.go:44.16,46.3 1 1
github.com/parvineyvazov/book-api/service/author.go:51.86,55.16 2 1
github.com/parvineyvazov/book-api/service/author.go:59.2,59.28 1 1
github.com/parvineyvazov/book-api/service/author.go:55.16,57.3 1 1
github.com/parvineyvazov/book-api/service/author.go:62.65,65.16 2 1
github.com/parvineyvazov/book-api/service/author.go:69.2,69.20 1 1
github.com/parvineyvazov/book-api/service/author.go:65.16,67.3 1 1
github.com/parvineyvazov/book-api/handler/handler.go:31.52,33.2 1 1
github.com/parvineyvazov/book-api/handler/handler.go:35.72,37.2 1 1
github.com/parvineyvazov/book-api/handler/handler.go:39.76,45.2 4 1
github.com/parvineyvazov/book-api/handler/author.go:12.70,16.16 2 1
github.com/parvineyvazov/book-api/handler/author.go:21.2,21.44 1 1
github.com/parvineyvazov/book-api/handler/author.go:16.16,19.3 2 1
github.com/parvineyvazov/book-api/handler/author.go:25.69,30.16 3 1
github.com/parvineyvazov/book-api/handler/author.go:35.2,35.43 1 1
github.com/parvineyvazov/book-api/handler/author.go:30.16,33.3 2 1
github.com/parvineyvazov/book-api/handler/author.go:39.73,43.16 3 1
github.com/parvineyvazov/book-api/handler/author.go:47.2,47.44 1 1
github.com/parvineyvazov/book-api/handler/author.go:43.16,45.3 1 1
github.com/parvineyvazov/book-api/handler/author.go:50.72,54.48 3 1
github.com/parvineyvazov/book-api/handler/author.go:58.2,61.16 3 1
github.com/parvineyvazov/book-api/handler/author.go:66.2,66.51 1 1
github.com/parvineyvazov/book-api/handler/author.go:54.48,57.3 2 0
github.com/parvineyvazov/book-api/handler/author.go:61.16,64.3 2 1
github.com/parvineyvazov/book-api/handler/author.go:69.72,74.48 4 1
github.com/parvineyvazov/book-api/handler/author.go:78.2,82.16 3 1
github.com/parvineyvazov/book-api/handler/author.go:87.2,87.51 1 1
github.com/parvineyvazov/book-api/handler/author.go:74.48,77.3 2 0
github.com/parvineyvazov/book-api/handler/author.go:82.16,85.3 2 1
github.com/parvineyvazov/book-api/handler/author.go:91.72,96.16 3 1
github.com/parvineyvazov/book-api/handler/author.go:101.2,101.51 1 1
github.com/parvineyvazov/book-api/handler/author.go:96.16,99.3 2 1
github.com/parvineyvazov/book-api/handler/book.go:13.68,17.16 2 1
github.com/parvineyvazov/book-api/handler/book.go:22.2,22.42 1 1
github.com/parvineyvazov/book-api/handler/book.go:17.16,20.3 2 1
github.com/parvineyvazov/book-api/handler/book.go:25.67,31.16 4 1
github.com/parvineyvazov/book-api/handler/book.go:36.2,36.41 1 1
github.com/parvineyvazov/book-api/handler/book.go:31.16,34.3 2 1
github.com/parvineyvazov/book-api/handler/book.go:39.71,43.16 3 1
github.com/parvineyvazov/book-api/handler/book.go:47.2,47.42 1 1
github.com/parvineyvazov/book-api/handler/book.go:43.16,45.3 1 1
github.com/parvineyvazov/book-api/handler/book.go:50.70,54.46 3 1
github.com/parvineyvazov/book-api/handler/book.go:58.2,61.16 3 1
github.com/parvineyvazov/book-api/handler/book.go:66.2,66.49 1 1
github.com/parvineyvazov/book-api/handler/book.go:54.46,57.3 2 0
github.com/parvineyvazov/book-api/handler/book.go:61.16,64.3 2 1
github.com/parvineyvazov/book-api/handler/book.go:69.70,74.46 4 1
github.com/parvineyvazov/book-api/handler/book.go:78.2,82.16 3 1
github.com/parvineyvazov/book-api/handler/book.go:87.2,87.49 1 1
github.com/parvineyvazov/book-api/handler/book.go:74.46,77.3 2 0
github.com/parvineyvazov/book-api/handler/book.go:82.16,85.3 2 1
github.com/parvineyvazov/book-api/handler/book.go:90.70,95.16 3 1
github.com/parvineyvazov/book-api/handler/book.go:100.2,100.49 1 1
github.com/parvineyvazov/book-api/handler/book.go:95.16,98.3 2 1
